<?xml version="1.0" encoding="UTF-8"?>
<!-- Generated by org.testng.reporters.JUnitXMLReporter -->
<testsuite ignored="1" hostname="DESKTOP-D6HL7CF" failures="0" tests="1" name="Test" time="20.468" errors="0" timestamp="2024-07-11T20:37:52 IST">
  <testcase classname="Campaign.CreateCampaign" name="CreateProducts" time="11.344"/>
  <testcase classname="Campaign.CreateCampaign" name="createCampaign" time="0.0">
    <ignored/>
  </testcase> <!-- createCampaign -->
</testsuite> <!-- Test -->
